TN:
SF:src/index.ts
FN:34,(anonymous_0)
FN:36,(anonymous_1)
FN:40,(anonymous_2)
FN:44,(anonymous_3)
FN:60,(anonymous_4)
FN:76,(anonymous_5)
FN:82,(anonymous_6)
FN:88,(anonymous_7)
FN:89,(anonymous_8)
FN:90,(anonymous_9)
FN:90,(anonymous_10)
FN:91,(anonymous_11)
FN:91,(anonymous_12)
FNF:13
FNH:0
FNDA:0,(anonymous_0)
FNDA:0,(anonymous_1)
FNDA:0,(anonymous_2)
FNDA:0,(anonymous_3)
FNDA:0,(anonymous_4)
FNDA:0,(anonymous_5)
FNDA:0,(anonymous_6)
FNDA:0,(anonymous_7)
FNDA:0,(anonymous_8)
FNDA:0,(anonymous_9)
FNDA:0,(anonymous_10)
FNDA:0,(anonymous_11)
FNDA:0,(anonymous_12)
DA:17,0
DA:18,0
DA:20,0
DA:21,0
DA:22,0
DA:24,0
DA:26,0
DA:27,0
DA:30,0
DA:34,0
DA:35,0
DA:36,0
DA:37,0
DA:38,0
DA:40,0
DA:44,0
DA:45,0
DA:49,0
DA:50,0
DA:51,0
DA:52,0
DA:53,0
DA:55,0
DA:56,0
DA:57,0
DA:60,0
DA:62,0
DA:63,0
DA:64,0
DA:65,0
DA:68,0
DA:71,0
DA:72,0
DA:73,0
DA:76,0
DA:77,0
DA:78,0
DA:82,0
DA:83,0
DA:84,0
DA:85,0
DA:88,0
DA:89,0
DA:90,0
DA:91,0
LF:45
LH:0
BRDA:17,0,0,0
BRDA:17,0,1,0
BRDA:18,1,0,0
BRDA:18,1,1,0
BRDA:20,2,0,0
BRDA:20,2,1,0
BRDA:21,3,0,0
BRDA:21,3,1,0
BRDA:22,4,0,0
BRDA:22,4,1,0
BRDA:22,5,0,0
BRDA:22,5,1,0
BRDA:22,5,2,0
BRDA:31,6,0,0
BRDA:31,6,1,0
BRDA:49,7,0,0
BRDA:49,7,1,0
BRF:17
BRH:0
end_of_record
TN:
SF:src/logger.ts
FNF:0
FNH:0
DA:3,5
LF:1
LH:1
BRDA:4,0,0,5
BRDA:4,0,1,5
BRDA:5,1,0,5
BRDA:5,1,1,0
BRF:4
BRH:3
end_of_record
TN:
SF:src/types.ts
FN:1,(anonymous_0)
FN:18,(anonymous_1)
FN:24,(anonymous_2)
FN:206,defaultNodeConfig
FN:227,generateId
FNF:5
FNH:3
FNDA:5,(anonymous_0)
FNDA:5,(anonymous_1)
FNDA:5,(anonymous_2)
FNDA:0,defaultNodeConfig
FNDA:0,generateId
DA:1,5
DA:2,5
DA:3,5
DA:4,5
DA:5,5
DA:6,5
DA:7,5
DA:8,5
DA:9,5
DA:10,5
DA:11,5
DA:12,5
DA:13,5
DA:14,5
DA:15,5
DA:18,5
DA:19,5
DA:20,5
DA:21,5
DA:24,5
DA:25,5
DA:26,5
DA:27,5
DA:28,5
DA:29,5
DA:30,5
DA:31,5
DA:207,0
DA:228,0
LF:29
LH:27
BRF:0
BRH:0
end_of_record
TN:
SF:src/agent/harness.ts
FN:26,runAgentLoop
FN:32,(anonymous_1)
FN:42,(anonymous_2)
FN:48,(anonymous_3)
FN:71,(anonymous_4)
FN:92,callLLM
FNF:6
FNH:0
FNDA:0,runAgentLoop
FNDA:0,(anonymous_1)
FNDA:0,(anonymous_2)
FNDA:0,(anonymous_3)
FNDA:0,(anonymous_4)
FNDA:0,callLLM
DA:31,0
DA:32,0
DA:33,0
DA:36,0
DA:38,0
DA:39,0
DA:40,0
DA:42,0
DA:47,0
DA:48,0
DA:50,0
DA:52,0
DA:54,0
DA:55,0
DA:57,0
DA:58,0
DA:59,0
DA:61,0
DA:62,0
DA:64,0
DA:65,0
DA:66,0
DA:67,0
DA:70,0
DA:71,0
DA:72,0
DA:73,0
DA:74,0
DA:76,0
DA:77,0
DA:78,0
DA:79,0
DA:80,0
DA:81,0
DA:83,0
DA:88,0
DA:89,0
DA:96,0
DA:97,0
DA:98,0
DA:103,0
DA:105,0
DA:106,0
DA:108,0
DA:113,0
DA:114,0
LF:46
LH:0
BRDA:32,0,0,0
BRDA:39,1,0,0
BRDA:39,1,1,0
BRDA:50,2,0,0
BRDA:50,2,1,0
BRDA:59,3,0,0
BRDA:59,3,1,0
BRDA:62,4,0,0
BRDA:62,4,1,0
BRDA:64,5,0,0
BRDA:64,5,1,0
BRDA:64,6,0,0
BRDA:64,6,1,0
BRDA:65,7,0,0
BRDA:65,7,1,0
BRDA:72,8,0,0
BRDA:72,8,1,0
BRDA:88,9,0,0
BRDA:88,9,1,0
BRDA:96,10,0,0
BRDA:96,10,1,0
BRDA:97,11,0,0
BRDA:97,11,1,0
BRDA:103,12,0,0
BRDA:103,12,1,0
BRDA:106,13,0,0
BRDA:106,13,1,0
BRDA:113,14,0,0
BRDA:113,14,1,0
BRF:29
BRH:0
end_of_record
TN:
SF:src/api/extensions.ts
FN:17,wrap
FN:18,(anonymous_1)
FN:26,extensionsRouter
FN:36,(anonymous_3)
FN:37,(anonymous_4)
FN:40,(anonymous_5)
FN:41,(anonymous_6)
FN:41,(anonymous_7)
FN:44,(anonymous_8)
FN:47,(anonymous_9)
FN:50,(anonymous_10)
FN:57,(anonymous_11)
FN:61,(anonymous_12)
FN:67,(anonymous_13)
FN:72,(anonymous_14)
FN:83,(anonymous_15)
FN:84,(anonymous_16)
FN:92,(anonymous_17)
FN:96,(anonymous_18)
FN:109,(anonymous_19)
FN:119,(anonymous_20)
FN:141,(anonymous_21)
FN:144,(anonymous_22)
FN:145,(anonymous_23)
FN:146,(anonymous_24)
FN:148,(anonymous_25)
FN:155,(anonymous_26)
FN:157,(anonymous_27)
FN:165,(anonymous_28)
FN:172,(anonymous_29)
FN:187,(anonymous_30)
FN:188,(anonymous_31)
FN:191,(anonymous_32)
FN:200,(anonymous_33)
FN:204,(anonymous_34)
FN:211,(anonymous_35)
FN:216,(anonymous_36)
FN:221,(anonymous_37)
FN:226,(anonymous_38)
FN:231,(anonymous_39)
FN:231,(anonymous_40)
FNF:41
FNH:11
FNDA:64,wrap
FNDA:9,(anonymous_1)
FNDA:2,extensionsRouter
FNDA:0,(anonymous_3)
FNDA:0,(anonymous_4)
FNDA:1,(anonymous_5)
FNDA:27,(anonymous_6)
FNDA:43,(anonymous_7)
FNDA:2,(anonymous_8)
FNDA:1,(anonymous_9)
FNDA:0,(anonymous_10)
FNDA:2,(anonymous_11)
FNDA:2,(anonymous_12)
FNDA:2,(anonymous_13)
FNDA:0,(anonymous_14)
FNDA:0,(anonymous_15)
FNDA:0,(anonymous_16)
FNDA:0,(anonymous_17)
FNDA:0,(anonymous_18)
FNDA:0,(anonymous_19)
FNDA:0,(anonymous_20)
FNDA:0,(anonymous_21)
FNDA:0,(anonymous_22)
FNDA:0,(anonymous_23)
FNDA:0,(anonymous_24)
FNDA:0,(anonymous_25)
FNDA:0,(anonymous_26)
FNDA:0,(anonymous_27)
FNDA:0,(anonymous_28)
FNDA:0,(anonymous_29)
FNDA:0,(anonymous_30)
FNDA:0,(anonymous_31)
FNDA:0,(anonymous_32)
FNDA:0,(anonymous_33)
FNDA:0,(anonymous_34)
FNDA:0,(anonymous_35)
FNDA:0,(anonymous_36)
FNDA:0,(anonymous_37)
FNDA:0,(anonymous_38)
FNDA:0,(anonymous_39)
FNDA:0,(anonymous_40)
DA:18,64
DA:19,9
DA:20,9
DA:21,9
DA:22,0
DA:27,2
DA:28,2
DA:29,2
DA:30,2
DA:31,2
DA:32,2
DA:33,2
DA:36,2
DA:37,2
DA:40,2
DA:41,43
DA:44,2
DA:45,2
DA:46,2
DA:47,1
DA:50,2
DA:51,0
DA:52,0
DA:53,0
DA:57,2
DA:58,2
DA:61,2
DA:62,2
DA:63,2
DA:64,2
DA:67,2
DA:68,2
DA:69,1
DA:72,2
DA:73,0
DA:74,0
DA:75,0
DA:76,0
DA:77,0
DA:78,0
DA:79,0
DA:83,2
DA:84,2
DA:85,0
DA:86,0
DA:87,0
DA:88,0
DA:90,0
DA:92,2
DA:93,0
DA:94,0
DA:96,2
DA:97,0
DA:98,0
DA:99,0
DA:100,0
DA:101,0
DA:102,0
DA:105,0
DA:109,2
DA:110,0
DA:111,0
DA:112,0
DA:113,0
DA:114,0
DA:115,0
DA:116,0
DA:119,2
DA:120,0
DA:121,0
DA:122,0
DA:123,0
DA:124,0
DA:125,0
DA:126,0
DA:127,0
DA:128,0
DA:137,0
DA:141,2
DA:144,2
DA:145,2
DA:146,2
DA:148,2
DA:149,0
DA:150,0
DA:151,0
DA:152,0
DA:155,2
DA:157,2
DA:158,0
DA:159,0
DA:160,0
DA:161,0
DA:162,0
DA:165,2
DA:166,0
DA:167,0
DA:168,0
DA:172,2
DA:173,0
DA:174,0
DA:175,0
DA:176,0
DA:177,0
DA:178,0
DA:180,0
DA:181,0
DA:183,0
DA:187,2
DA:188,0
DA:191,2
DA:192,0
DA:193,0
DA:194,0
DA:198,2
DA:200,2
DA:201,0
DA:204,2
DA:205,0
DA:206,0
DA:207,0
DA:208,0
DA:211,2
DA:212,0
DA:213,0
DA:216,2
DA:217,0
DA:218,0
DA:221,2
DA:222,0
DA:223,0
DA:226,2
DA:227,0
DA:231,2
DA:233,2
LF:135
LH:56
BRDA:21,0,0,0
BRDA:21,0,1,9
BRDA:46,1,0,1
BRDA:46,1,1,1
BRDA:52,2,0,0
BRDA:52,2,1,0
BRDA:63,3,0,2
BRDA:63,3,1,0
BRDA:63,3,2,0
BRDA:68,4,0,1
BRDA:68,4,1,1
BRDA:73,5,0,0
BRDA:73,5,1,0
BRDA:75,6,0,0
BRDA:75,6,1,0
BRDA:77,7,0,0
BRDA:77,7,1,0
BRDA:88,8,0,0
BRDA:88,8,1,0
BRDA:93,9,0,0
BRDA:93,9,1,0
BRDA:98,10,0,0
BRDA:98,10,1,0
BRDA:100,11,0,0
BRDA:100,11,1,0
BRDA:112,12,0,0
BRDA:112,12,1,0
BRDA:112,13,0,0
BRDA:112,13,1,0
BRDA:115,14,0,0
BRDA:115,14,1,0
BRDA:121,15,0,0
BRDA:121,15,1,0
BRDA:122,16,0,0
BRDA:122,16,1,0
BRDA:123,17,0,0
BRDA:123,17,1,0
BRDA:124,18,0,0
BRDA:124,18,1,0
BRDA:124,19,0,0
BRDA:124,19,1,0
BRDA:127,20,0,0
BRDA:127,20,1,0
BRDA:131,21,0,0
BRDA:131,21,1,0
BRDA:132,22,0,0
BRDA:132,22,1,0
BRDA:133,23,0,0
BRDA:133,23,1,0
BRDA:134,24,0,0
BRDA:134,24,1,0
BRDA:149,25,0,0
BRDA:149,25,1,0
BRDA:151,26,0,0
BRDA:151,26,1,0
BRDA:158,27,0,0
BRDA:158,27,1,0
BRDA:159,28,0,0
BRDA:159,28,1,0
BRDA:161,29,0,0
BRDA:161,29,1,0
BRDA:166,30,0,0
BRDA:166,30,1,0
BRDA:167,31,0,0
BRDA:167,31,1,0
BRDA:173,32,0,0
BRDA:173,32,1,0
BRDA:174,33,0,0
BRDA:174,33,1,0
BRDA:176,34,0,0
BRDA:176,34,1,0
BRDA:177,35,0,0
BRDA:177,35,1,0
BRDA:177,36,0,0
BRDA:177,36,1,0
BRDA:180,37,0,0
BRDA:180,37,1,0
BRDA:180,38,0,0
BRDA:180,38,1,0
BRDA:193,39,0,0
BRDA:193,39,1,0
BRDA:206,40,0,0
BRDA:206,40,1,0
BRDA:206,41,0,0
BRDA:206,41,1,0
BRDA:207,42,0,0
BRDA:207,42,1,0
BRDA:222,43,0,0
BRDA:222,43,1,0
BRF:89
BRH:6
end_of_record
TN:
SF:src/api/workflows.ts
FN:11,wrap
FN:12,(anonymous_1)
FN:20,workflowsRouter
FN:24,(anonymous_3)
FN:28,(anonymous_4)
FN:34,(anonymous_5)
FN:39,(anonymous_6)
FN:45,(anonymous_7)
FN:52,(anonymous_8)
FN:65,(anonymous_9)
FN:71,(anonymous_10)
FN:76,(anonymous_11)
FN:83,(anonymous_12)
FNF:13
FNH:8
FNDA:20,wrap
FNDA:12,(anonymous_1)
FNDA:2,workflowsRouter
FNDA:3,(anonymous_3)
FNDA:1,(anonymous_4)
FNDA:5,(anonymous_5)
FNDA:0,(anonymous_6)
FNDA:1,(anonymous_7)
FNDA:2,(anonymous_8)
FNDA:0,(anonymous_9)
FNDA:0,(anonymous_10)
FNDA:0,(anonymous_11)
FNDA:0,(anonymous_12)
DA:12,20
DA:13,12
DA:14,12
DA:15,12
DA:16,0
DA:21,2
DA:22,2
DA:24,2
DA:25,3
DA:28,2
DA:29,1
DA:30,1
DA:31,0
DA:34,2
DA:35,5
DA:36,5
DA:39,2
DA:40,0
DA:41,0
DA:42,0
DA:45,2
DA:46,1
DA:47,0
DA:49,1
DA:52,2
DA:53,2
DA:54,2
DA:55,1
DA:57,1
DA:58,1
DA:60,0
DA:65,2
DA:66,0
DA:67,0
DA:68,0
DA:71,2
DA:72,0
DA:73,0
DA:76,2
DA:77,0
DA:78,0
DA:79,0
DA:80,0
DA:83,2
DA:84,0
DA:85,0
DA:88,2
LF:47
LH:29
BRDA:15,0,0,3
BRDA:15,0,1,9
BRDA:30,1,0,1
BRDA:30,1,1,0
BRDA:46,2,0,0
BRDA:46,2,1,1
BRDA:57,3,0,1
BRDA:57,3,1,0
BRDA:57,4,0,1
BRDA:57,4,1,1
BRDA:67,5,0,0
BRDA:67,5,1,0
BRDA:72,6,0,0
BRDA:72,6,1,0
BRDA:78,7,0,0
BRDA:78,7,1,0
BRF:16
BRH:7
end_of_record
TN:
SF:src/auth/index.ts
FN:17,createAccessToken
FN:25,createRefreshToken
FN:35,verifyRefreshToken
FN:50,authMiddleware
FN:67,authRouter
FN:70,(anonymous_5)
FN:90,(anonymous_6)
FN:108,(anonymous_7)
FN:126,(anonymous_8)
FN:143,(anonymous_9)
FNF:10
FNH:9
FNDA:11,createAccessToken
FNDA:11,createRefreshToken
FNDA:4,verifyRefreshToken
FNDA:22,authMiddleware
FNDA:4,authRouter
FNDA:7,(anonymous_5)
FNDA:10,(anonymous_6)
FNDA:4,(anonymous_7)
FNDA:1,(anonymous_8)
FNDA:0,(anonymous_9)
DA:7,4
DA:8,4
DA:9,4
DA:10,4
DA:18,11
DA:26,11
DA:27,11
DA:28,11
DA:29,11
DA:32,11
DA:36,4
DA:37,4
DA:41,4
DA:42,12
DA:43,2
DA:44,2
DA:47,2
DA:51,22
DA:52,22
DA:53,1
DA:54,1
DA:56,21
DA:57,21
DA:58,21
DA:59,21
DA:61,0
DA:68,4
DA:70,4
DA:71,7
DA:72,7
DA:73,7
DA:74,0
DA:75,0
DA:77,7
DA:78,7
DA:79,7
DA:80,7
DA:82,1
DA:83,1
DA:84,1
DA:86,0
DA:90,4
DA:91,10
DA:92,10
DA:93,10
DA:94,10
DA:95,10
DA:96,1
DA:97,1
DA:99,9
DA:100,9
DA:101,9
DA:102,9
DA:104,0
DA:108,4
DA:109,4
DA:110,4
DA:111,4
DA:112,4
DA:113,4
DA:114,2
DA:115,2
DA:116,2
DA:117,2
DA:118,2
DA:119,2
DA:120,2
DA:122,0
DA:126,4
DA:127,1
DA:128,1
DA:129,1
DA:130,1
DA:131,1
DA:132,1
DA:133,4
DA:134,1
DA:135,1
DA:139,1
DA:140,0
DA:143,4
DA:144,0
DA:147,4
LF:83
LH:75
BRDA:7,0,0,0
BRDA:7,0,1,4
BRDA:42,1,0,2
BRDA:42,1,1,10
BRDA:52,2,0,1
BRDA:52,2,1,21
BRDA:73,3,0,0
BRDA:73,3,1,7
BRDA:73,4,0,7
BRDA:73,4,1,7
BRDA:73,4,2,7
BRDA:82,5,0,1
BRDA:82,5,1,0
BRDA:95,6,0,1
BRDA:95,6,1,9
BRDA:95,7,0,10
BRDA:95,7,1,10
BRDA:111,8,0,0
BRDA:111,8,1,4
BRDA:113,9,0,2
BRDA:113,9,1,2
BRDA:116,10,0,0
BRDA:116,10,1,2
BRDA:129,11,0,1
BRDA:129,11,1,0
BRDA:133,12,0,1
BRDA:133,12,1,3
BRF:27
BRH:21
end_of_record
TN:
SF:src/connectors/BaseConnector.ts
FN:15,(anonymous_0)
FN:23,(anonymous_1)
FN:30,(anonymous_2)
FN:35,(anonymous_3)
FNF:4
FNH:0
FNDA:0,(anonymous_0)
FNDA:0,(anonymous_1)
FNDA:0,(anonymous_2)
FNDA:0,(anonymous_3)
DA:17,0
DA:18,0
DA:19,0
DA:21,0
DA:22,0
DA:23,0
DA:27,0
DA:31,0
DA:32,0
DA:36,0
DA:37,0
DA:38,0
DA:39,0
DA:40,0
DA:43,0
DA:44,0
DA:45,0
DA:47,0
DA:48,0
DA:49,0
DA:51,0
LF:21
LH:0
BRDA:15,0,0,0
BRDA:15,1,0,0
BRDA:21,2,0,0
BRDA:21,2,1,0
BRDA:22,3,0,0
BRDA:22,3,1,0
BRDA:31,4,0,0
BRDA:31,4,1,0
BRDA:32,5,0,0
BRDA:32,5,1,0
BRDA:37,6,0,0
BRDA:37,6,1,0
BRDA:37,7,0,0
BRDA:37,7,1,0
BRDA:38,8,0,0
BRDA:38,8,1,0
BRDA:38,8,2,0
BRDA:39,9,0,0
BRDA:39,9,1,0
BRDA:43,10,0,0
BRDA:43,10,1,0
BRDA:43,11,0,0
BRDA:43,11,1,0
BRDA:44,12,0,0
BRDA:44,12,1,0
BRDA:44,12,2,0
BRDA:45,13,0,0
BRDA:45,13,1,0
BRDA:47,14,0,0
BRDA:47,14,1,0
BRDA:47,15,0,0
BRDA:47,15,1,0
BRDA:47,15,2,0
BRF:33
BRH:0
end_of_record
TN:
SF:src/connectors/CodeConnector.ts
FN:31,(anonymous_0)
FN:36,(anonymous_1)
FN:66,(anonymous_2)
FNF:3
FNH:0
FNDA:0,(anonymous_0)
FNDA:0,(anonymous_1)
FNDA:0,(anonymous_2)
DA:6,5
DA:12,5
DA:18,5
DA:32,0
DA:33,0
DA:36,0
DA:47,0
DA:48,0
DA:49,0
DA:50,0
DA:52,0
DA:58,5
DA:59,5
DA:60,5
DA:61,5
DA:62,5
DA:63,5
DA:64,5
DA:65,5
DA:66,0
LF:20
LH:11
BRF:0
BRH:0
end_of_record
TN:
SF:src/connectors/GmailConnector.ts
FN:26,(anonymous_0)
FN:43,(anonymous_1)
FN:60,(anonymous_2)
FNF:3
FNH:0
FNDA:0,(anonymous_0)
FNDA:0,(anonymous_1)
FNDA:0,(anonymous_2)
DA:5,5
DA:27,0
DA:28,0
DA:32,5
DA:44,0
DA:49,5
DA:50,5
DA:51,5
DA:52,5
DA:53,5
DA:54,5
DA:55,5
DA:58,5
DA:61,0
LF:14
LH:10
BRF:0
BRH:0
end_of_record
TN:
SF:src/connectors/HttpConnector.ts
FN:30,(anonymous_0)
FN:38,(anonymous_1)
FN:44,(anonymous_2)
FN:56,(anonymous_3)
FN:75,(anonymous_4)
FNF:5
FNH:1
FNDA:35,(anonymous_0)
FNDA:0,(anonymous_1)
FNDA:0,(anonymous_2)
FNDA:0,(anonymous_3)
FNDA:0,(anonymous_4)
DA:5,5
DA:15,5
DA:21,5
DA:30,35
DA:39,0
DA:40,0
DA:41,0
DA:43,0
DA:44,0
DA:46,0
DA:47,0
DA:54,0
DA:55,0
DA:56,0
DA:57,0
DA:59,0
DA:65,5
DA:66,5
DA:67,5
DA:68,5
DA:69,5
DA:70,5
DA:71,5
DA:73,5
DA:76,0
LF:25
LH:12
BRDA:50,0,0,0
BRDA:50,0,1,0
BRDA:50,1,0,0
BRDA:50,1,1,0
BRDA:52,2,0,0
BRDA:52,2,1,0
BRF:6
BRH:0
end_of_record
TN:
SF:src/connectors/SlackConnector.ts
FN:21,(anonymous_0)
FN:35,(anonymous_1)
FN:51,(anonymous_2)
FN:68,(anonymous_3)
FNF:4
FNH:0
FNDA:0,(anonymous_0)
FNDA:0,(anonymous_1)
FNDA:0,(anonymous_2)
FNDA:0,(anonymous_3)
DA:5,5
DA:22,0
DA:23,0
DA:27,5
DA:36,0
DA:40,5
DA:52,0
DA:57,5
DA:58,5
DA:59,5
DA:60,5
DA:61,5
DA:62,5
DA:63,5
DA:66,5
DA:69,0
LF:16
LH:11
BRF:0
BRH:0
end_of_record
TN:
SF:src/connectors/TransformConnector.ts
FN:15,(anonymous_0)
FN:32,(anonymous_1)
FN:46,(anonymous_2)
FNF:3
FNH:0
FNDA:0,(anonymous_0)
FNDA:0,(anonymous_1)
FNDA:0,(anonymous_2)
DA:5,5
DA:16,0
DA:17,0
DA:21,5
DA:33,0
DA:38,5
DA:39,5
DA:40,5
DA:41,5
DA:42,5
DA:43,5
DA:44,5
DA:45,5
DA:46,0
LF:14
LH:10
BRDA:16,0,0,0
BRDA:16,0,1,0
BRDA:17,1,0,0
BRDA:17,1,1,0
BRF:4
BRH:0
end_of_record
TN:
SF:src/connectors/batch-connectors.ts
FN:11,mockOp
FN:17,(anonymous_1)
FN:21,mockTrigger
FN:31,(anonymous_3)
FN:39,(anonymous_4)
FN:48,(anonymous_5)
FN:56,(anonymous_6)
FN:64,(anonymous_7)
FN:72,(anonymous_8)
FN:80,(anonymous_9)
FN:89,(anonymous_10)
FN:97,(anonymous_11)
FN:105,(anonymous_12)
FN:113,(anonymous_13)
FN:121,(anonymous_14)
FN:129,(anonymous_15)
FN:138,(anonymous_16)
FN:147,(anonymous_17)
FN:155,(anonymous_18)
FN:164,(anonymous_19)
FN:172,(anonymous_20)
FN:181,(anonymous_21)
FN:189,(anonymous_22)
FN:198,(anonymous_23)
FN:206,(anonymous_24)
FNF:25
FNH:1
FNDA:170,mockOp
FNDA:0,(anonymous_1)
FNDA:0,mockTrigger
FNDA:0,(anonymous_3)
FNDA:0,(anonymous_4)
FNDA:0,(anonymous_5)
FNDA:0,(anonymous_6)
FNDA:0,(anonymous_7)
FNDA:0,(anonymous_8)
FNDA:0,(anonymous_9)
FNDA:0,(anonymous_10)
FNDA:0,(anonymous_11)
FNDA:0,(anonymous_12)
FNDA:0,(anonymous_13)
FNDA:0,(anonymous_14)
FNDA:0,(anonymous_15)
FNDA:0,(anonymous_16)
FNDA:0,(anonymous_17)
FNDA:0,(anonymous_18)
FNDA:0,(anonymous_19)
FNDA:0,(anonymous_20)
FNDA:0,(anonymous_21)
FNDA:0,(anonymous_22)
FNDA:0,(anonymous_23)
FNDA:0,(anonymous_24)
DA:12,170
DA:17,0
DA:22,0
DA:27,5
DA:28,5
DA:29,5
DA:30,5
DA:31,0
DA:35,5
DA:36,5
DA:37,5
DA:38,5
DA:39,0
DA:44,5
DA:45,5
DA:46,5
DA:47,5
DA:48,0
DA:52,5
DA:53,5
DA:54,5
DA:55,5
DA:56,0
DA:60,5
DA:61,5
DA:62,5
DA:63,5
DA:64,0
DA:68,5
DA:69,5
DA:70,5
DA:71,5
DA:72,0
DA:76,5
DA:77,5
DA:78,5
DA:79,5
DA:80,0
DA:85,5
DA:86,5
DA:87,5
DA:88,5
DA:89,0
DA:93,5
DA:94,5
DA:95,5
DA:96,5
DA:97,0
DA:101,5
DA:102,5
DA:103,5
DA:104,5
DA:105,0
DA:109,5
DA:110,5
DA:111,5
DA:112,5
DA:113,0
DA:117,5
DA:118,5
DA:119,5
DA:120,5
DA:121,0
DA:125,5
DA:126,5
DA:127,5
DA:128,5
DA:129,0
DA:134,5
DA:135,5
DA:136,5
DA:137,5
DA:138,0
DA:143,5
DA:144,5
DA:145,5
DA:146,5
DA:147,0
DA:151,5
DA:152,5
DA:153,5
DA:154,5
DA:155,0
DA:160,5
DA:161,5
DA:162,5
DA:163,5
DA:164,0
DA:168,5
DA:169,5
DA:170,5
DA:171,5
DA:172,0
DA:177,5
DA:178,5
DA:179,5
DA:180,5
DA:181,0
DA:185,5
DA:186,5
DA:187,5
DA:188,5
DA:189,0
DA:194,5
DA:195,5
DA:196,5
DA:197,5
DA:198,0
DA:202,5
DA:203,5
DA:204,5
DA:205,5
DA:206,0
LF:113
LH:89
BRDA:11,0,0,170
BRF:1
BRH:1
end_of_record
TN:
SF:src/connectors/registry.ts
FN:18,register
FN:33,listConnectors
FN:34,getConnector
FN:35,getOperations
FN:36,getOperation
FN:37,(anonymous_5)
FNF:6
FNH:3
FNDA:135,register
FNDA:1,listConnectors
FNDA:2,getConnector
FNDA:0,getOperations
FNDA:0,getOperation
FNDA:0,(anonymous_5)
DA:17,5
DA:18,135
DA:20,5
DA:21,5
DA:22,5
DA:23,5
DA:24,5
DA:25,5
DA:26,5
DA:27,5
DA:28,5
DA:29,5
DA:30,5
DA:31,5
DA:33,1
DA:34,2
DA:35,0
DA:37,0
LF:18
LH:16
BRDA:35,0,0,0
BRDA:35,0,1,0
BRF:2
BRH:0
end_of_record
TN:
SF:src/core/interfaces/IAgentSkill.ts
FNF:0
FNH:0
LF:0
LH:0
BRF:0
BRH:0
end_of_record
TN:
SF:src/core/interfaces/IConnector.ts
FNF:0
FNH:0
LF:0
LH:0
BRF:0
BRH:0
end_of_record
TN:
SF:src/database/index.ts
FN:8,getDb
FN:13,initDb
FN:23,closeDb
FNF:3
FNH:3
FNDA:83,getDb
FNDA:7,initDb
FNDA:7,closeDb
DA:9,83
DA:10,83
DA:14,7
DA:15,7
DA:16,7
DA:17,7
DA:18,7
DA:19,7
DA:20,7
DA:24,7
LF:10
LH:10
BRDA:9,0,0,0
BRDA:9,0,1,83
BRDA:24,1,0,7
BRDA:24,1,1,0
BRF:4
BRH:2
end_of_record
TN:
SF:src/engine/agent-runner.ts
FN:7,(anonymous_0)
FNF:1
FNH:0
FNDA:0,(anonymous_0)
DA:8,0
DA:9,0
DA:10,0
LF:3
LH:0
BRDA:8,0,0,0
BRDA:8,0,1,0
BRDA:9,1,0,0
BRDA:9,1,1,0
BRDA:11,2,0,0
BRDA:11,2,1,0
BRDA:11,3,0,0
BRDA:11,3,1,0
BRDA:11,4,0,0
BRDA:11,4,1,0
BRDA:12,5,0,0
BRDA:12,5,1,0
BRDA:12,6,0,0
BRDA:12,6,1,0
BRF:14
BRH:0
end_of_record
TN:
SF:src/engine/codegen.ts
FN:4,generateTS
FN:117,genTrigger
FN:149,genAgentMCP
FN:176,modelImport
FN:184,genWebhookTrigger
FN:206,genMerge
FN:221,genSplit
FN:238,genWait
FN:252,genSwitch
FN:269,genHttpRequest
FN:297,genDatabase
FN:313,genFileIO
FN:334,genExtract
FN:351,genSummarize
FN:370,genTranslate
FN:390,genComputerUse
FN:433,genLLM
FN:456,genCode
FN:475,genCondition
FN:490,genTransform
FN:505,genWebhook
FN:532,genLoop
FN:551,genOutput
FN:566,escapeJS
FN:578,safeCondition
FN:586,safeTransform
FN:594,assemble
FNF:27
FNH:0
FNDA:0,generateTS
FNDA:0,genTrigger
FNDA:0,genAgentMCP
FNDA:0,modelImport
FNDA:0,genWebhookTrigger
FNDA:0,genMerge
FNDA:0,genSplit
FNDA:0,genWait
FNDA:0,genSwitch
FNDA:0,genHttpRequest
FNDA:0,genDatabase
FNDA:0,genFileIO
FNDA:0,genExtract
FNDA:0,genSummarize
FNDA:0,genTranslate
FNDA:0,genComputerUse
FNDA:0,genLLM
FNDA:0,genCode
FNDA:0,genCondition
FNDA:0,genTransform
FNDA:0,genWebhook
FNDA:0,genLoop
FNDA:0,genOutput
FNDA:0,escapeJS
FNDA:0,safeCondition
FNDA:0,safeTransform
FNDA:0,assemble
DA:5,0
DA:6,0
DA:7,0
DA:8,0
DA:9,0
DA:10,0
DA:11,0
DA:12,0
DA:13,0
DA:15,0
DA:17,0
DA:19,0
DA:20,0
DA:21,0
DA:23,0
DA:24,0
DA:25,0
DA:27,0
DA:28,0
DA:29,0
DA:31,0
DA:32,0
DA:33,0
DA:35,0
DA:36,0
DA:37,0
DA:39,0
DA:40,0
DA:41,0
DA:43,0
DA:44,0
DA:45,0
DA:47,0
DA:48,0
DA:49,0
DA:51,0
DA:52,0
DA:53,0
DA:55,0
DA:56,0
DA:57,0
DA:59,0
DA:60,0
DA:61,0
DA:63,0
DA:64,0
DA:65,0
DA:67,0
DA:68,0
DA:69,0
DA:71,0
DA:72,0
DA:73,0
DA:75,0
DA:76,0
DA:77,0
DA:79,0
DA:80,0
DA:81,0
DA:83,0
DA:84,0
DA:85,0
DA:87,0
DA:88,0
DA:89,0
DA:91,0
DA:92,0
DA:93,0
DA:95,0
DA:96,0
DA:97,0
DA:99,0
DA:100,0
DA:101,0
DA:105,0
DA:106,0
DA:107,0
DA:108,0
DA:110,0
DA:111,0
DA:112,0
DA:114,0
DA:118,0
DA:119,0
DA:122,0
DA:123,0
DA:133,0
DA:134,0
DA:140,0
DA:146,0
DA:150,0
DA:151,0
DA:152,0
DA:153,0
DA:154,0
DA:156,0
DA:169,0
DA:173,0
DA:177,0
DA:181,0
DA:185,0
DA:186,0
DA:207,0
DA:208,0
DA:209,0
DA:210,0
DA:216,0
DA:218,0
DA:222,0
DA:223,0
DA:224,0
DA:225,0
DA:226,0
DA:233,0
DA:235,0
DA:239,0
DA:240,0
DA:241,0
DA:242,0
DA:243,0
DA:244,0
DA:246,0
DA:249,0
DA:253,0
DA:254,0
DA:255,0
DA:256,0
DA:257,0
DA:263,0
DA:264,0
DA:266,0
DA:270,0
DA:271,0
DA:272,0
DA:273,0
DA:274,0
DA:291,0
DA:294,0
DA:298,0
DA:299,0
DA:300,0
DA:301,0
DA:302,0
DA:307,0
DA:310,0
DA:314,0
DA:315,0
DA:316,0
DA:317,0
DA:318,0
DA:328,0
DA:331,0
DA:335,0
DA:336,0
DA:337,0
DA:338,0
DA:345,0
DA:348,0
DA:352,0
DA:353,0
DA:354,0
DA:364,0
DA:367,0
DA:371,0
DA:372,0
DA:373,0
DA:374,0
DA:384,0
DA:387,0
DA:391,0
DA:392,0
DA:393,0
DA:394,0
DA:395,0
DA:425,0
DA:430,0
DA:434,0
DA:435,0
DA:436,0
DA:437,0
DA:438,0
DA:439,0
DA:450,0
DA:453,0
DA:457,0
DA:458,0
DA:459,0
DA:460,0
DA:461,0
DA:469,0
DA:472,0
DA:476,0
DA:477,0
DA:478,0
DA:479,0
DA:484,0
DA:487,0
DA:491,0
DA:492,0
DA:493,0
DA:494,0
DA:499,0
DA:502,0
DA:506,0
DA:507,0
DA:508,0
DA:509,0
DA:510,0
DA:526,0
DA:529,0
DA:533,0
DA:534,0
DA:535,0
DA:536,0
DA:544,0
DA:548,0
DA:552,0
DA:553,0
DA:554,0
DA:555,0
DA:560,0
DA:563,0
DA:567,0
DA:579,0
DA:580,0
DA:581,0
DA:583,0
DA:587,0
DA:588,0
DA:589,0
DA:591,0
DA:602,0
LF:232
LH:0
BRDA:17,0,0,0
BRDA:17,0,1,0
BRDA:17,0,2,0
BRDA:17,0,3,0
BRDA:17,0,4,0
BRDA:17,0,5,0
BRDA:17,0,6,0
BRDA:17,0,7,0
BRDA:17,0,8,0
BRDA:17,0,9,0
BRDA:17,0,10,0
BRDA:17,0,11,0
BRDA:17,0,12,0
BRDA:17,0,13,0
BRDA:17,0,14,0
BRDA:17,0,15,0
BRDA:17,0,16,0
BRDA:17,0,17,0
BRDA:17,0,18,0
BRDA:17,0,19,0
BRDA:17,0,20,0
BRDA:105,1,0,0
BRDA:105,1,1,0
BRDA:110,2,0,0
BRDA:110,2,1,0
BRDA:110,3,0,0
BRDA:110,3,1,0
BRDA:111,4,0,0
BRDA:111,4,1,0
BRDA:112,5,0,0
BRDA:112,5,1,0
BRDA:119,6,0,0
BRDA:119,6,1,0
BRDA:122,7,0,0
BRDA:122,7,1,0
BRDA:122,8,0,0
BRDA:122,8,1,0
BRDA:133,9,0,0
BRDA:133,9,1,0
BRDA:152,10,0,0
BRDA:152,10,1,0
BRDA:181,11,0,0
BRDA:181,11,1,0
BRDA:209,12,0,0
BRDA:209,12,1,0
BRDA:224,13,0,0
BRDA:224,13,1,0
BRDA:225,14,0,0
BRDA:225,14,1,0
BRDA:241,15,0,0
BRDA:241,15,1,0
BRDA:242,16,0,0
BRDA:242,16,1,0
BRDA:243,17,0,0
BRDA:243,17,1,0
BRDA:243,18,0,0
BRDA:243,18,1,0
BRDA:255,19,0,0
BRDA:255,19,1,0
BRDA:256,20,0,0
BRDA:256,20,1,0
BRDA:263,21,0,0
BRDA:263,21,1,0
BRDA:272,22,0,0
BRDA:272,22,1,0
BRDA:273,23,0,0
BRDA:273,23,1,0
BRDA:300,24,0,0
BRDA:300,24,1,0
BRDA:301,25,0,0
BRDA:301,25,1,0
BRDA:316,26,0,0
BRDA:316,26,1,0
BRDA:317,27,0,0
BRDA:317,27,1,0
BRDA:337,28,0,0
BRDA:337,28,1,0
BRDA:373,29,0,0
BRDA:373,29,1,0
BRDA:393,30,0,0
BRDA:393,30,1,0
BRDA:394,31,0,0
BRDA:394,31,1,0
BRDA:436,32,0,0
BRDA:436,32,1,0
BRDA:437,33,0,0
BRDA:437,33,1,0
BRDA:438,34,0,0
BRDA:438,34,1,0
BRDA:442,35,0,0
BRDA:442,35,1,0
BRDA:459,36,0,0
BRDA:459,36,1,0
BRDA:460,37,0,0
BRDA:460,37,1,0
BRDA:478,38,0,0
BRDA:478,38,1,0
BRDA:493,39,0,0
BRDA:493,39,1,0
BRDA:508,40,0,0
BRDA:508,40,1,0
BRDA:509,41,0,0
BRDA:509,41,1,0
BRDA:535,42,0,0
BRDA:535,42,1,0
BRDA:554,43,0,0
BRDA:554,43,1,0
BRDA:580,44,0,0
BRDA:580,44,1,0
BRDA:588,45,0,0
BRDA:588,45,1,0
BRF:111
BRH:0
end_of_record
TN:
SF:src/engine/credential-service.ts
FN:9,getEncryptionKey
FN:20,encrypt
FN:29,decrypt
FN:56,(anonymous_3)
FN:61,(anonymous_4)
FN:72,(anonymous_5)
FN:87,(anonymous_6)
FN:100,(anonymous_7)
FN:110,(anonymous_8)
FN:119,(anonymous_9)
FN:125,(anonymous_10)
FNF:11
FNH:9
FNDA:6,getEncryptionKey
FNDA:2,encrypt
FNDA:4,decrypt
FNDA:2,(anonymous_3)
FNDA:2,(anonymous_4)
FNDA:2,(anonymous_5)
FNDA:0,(anonymous_6)
FNDA:2,(anonymous_7)
FNDA:0,(anonymous_8)
FNDA:2,(anonymous_9)
FNDA:4,(anonymous_10)
DA:5,5
DA:6,5
DA:7,5
DA:10,6
DA:12,6
DA:13,6
DA:14,6
DA:16,0
DA:17,0
DA:21,2
DA:22,2
DA:23,2
DA:24,2
DA:25,2
DA:26,2
DA:30,4
DA:31,4
DA:32,4
DA:33,4
DA:34,4
DA:35,4
DA:36,4
DA:37,4
DA:38,4
DA:57,2
DA:58,2
DA:61,2
DA:73,2
DA:74,2
DA:75,2
DA:76,2
DA:88,0
DA:89,0
DA:90,0
DA:91,0
DA:92,0
DA:93,0
DA:95,0
DA:96,0
DA:101,2
DA:102,2
DA:103,2
DA:104,2
DA:107,2
DA:111,0
DA:112,0
DA:113,0
DA:116,0
DA:120,2
DA:121,2
DA:122,2
DA:126,4
DA:127,4
DA:128,40
DA:129,8
DA:131,32
DA:134,4
LF:57
LH:43
BRDA:10,0,0,6
BRDA:10,0,1,0
BRDA:14,1,0,6
BRDA:14,1,1,0
BRDA:16,2,0,0
BRDA:16,2,1,0
BRDA:32,3,0,0
BRDA:32,3,1,4
BRDA:75,4,0,0
BRDA:75,4,1,2
BRDA:90,5,0,0
BRDA:90,5,1,0
BRDA:128,6,0,8
BRDA:128,6,1,32
BRDA:128,7,0,40
BRDA:128,7,1,32
BRDA:128,7,2,28
BRDA:128,7,3,24
BRDA:128,7,4,24
BRDA:129,8,0,4
BRDA:129,8,1,4
BRF:21
BRH:13
end_of_record
TN:
SF:src/engine/mcp-registry.ts
FN:11,(anonymous_0)
FN:19,(anonymous_1)
FN:29,(anonymous_2)
FN:84,(anonymous_3)
FN:85,(anonymous_4)
FN:88,(anonymous_5)
FN:110,(anonymous_6)
FN:122,(anonymous_7)
FN:126,(anonymous_8)
FN:137,(anonymous_9)
FN:151,(anonymous_10)
FN:152,(anonymous_11)
FN:161,(anonymous_12)
FN:176,(anonymous_13)
FN:185,(anonymous_14)
FN:199,(anonymous_15)
FNF:16
FNH:1
FNDA:2,(anonymous_0)
FNDA:0,(anonymous_1)
FNDA:0,(anonymous_2)
FNDA:0,(anonymous_3)
FNDA:0,(anonymous_4)
FNDA:0,(anonymous_5)
FNDA:0,(anonymous_6)
FNDA:0,(anonymous_7)
FNDA:0,(anonymous_8)
FNDA:0,(anonymous_9)
FNDA:0,(anonymous_10)
FNDA:0,(anonymous_11)
FNDA:0,(anonymous_12)
FNDA:0,(anonymous_13)
FNDA:0,(anonymous_14)
FNDA:0,(anonymous_15)
DA:12,2
DA:13,2
DA:14,2
DA:15,2
DA:16,2
DA:20,0
DA:22,0
DA:23,0
DA:24,0
DA:25,0
DA:26,0
DA:27,0
DA:29,0
DA:45,0
DA:46,0
DA:47,0
DA:48,0
DA:49,0
DA:60,0
DA:81,0
DA:85,0
DA:89,0
DA:91,0
DA:92,0
DA:93,0
DA:94,0
DA:95,0
DA:96,0
DA:99,0
DA:107,0
DA:111,0
DA:112,0
DA:114,0
DA:115,0
DA:121,0
DA:122,0
DA:124,0
DA:125,0
DA:126,0
DA:129,0
DA:130,0
DA:131,0
DA:132,0
DA:133,0
DA:134,0
DA:135,0
DA:136,0
DA:137,0
DA:139,0
DA:140,0
DA:142,0
DA:143,0
DA:148,0
DA:152,0
DA:162,0
DA:163,0
DA:164,0
DA:165,0
DA:166,0
DA:167,0
DA:170,0
DA:173,0
DA:177,0
DA:186,0
DA:190,0
DA:191,0
DA:193,0
DA:194,0
DA:196,0
DA:200,0
DA:201,0
DA:202,0
DA:203,0
DA:204,0
DA:206,0
DA:207,0
DA:209,0
DA:212,0
LF:78
LH:5
BRDA:13,0,0,2
BRDA:13,0,1,0
BRDA:14,1,0,2
BRDA:14,1,1,0
BRDA:23,2,0,0
BRDA:23,2,1,0
BRDA:25,3,0,0
BRDA:25,3,1,0
BRDA:46,4,0,0
BRDA:46,4,1,0
BRDA:92,5,0,0
BRDA:92,5,1,0
BRDA:111,6,0,0
BRDA:111,6,1,0
BRDA:114,7,0,0
BRDA:114,7,1,0
BRDA:121,8,0,0
BRDA:121,8,1,0
BRDA:124,9,0,0
BRDA:124,9,1,0
BRDA:130,10,0,0
BRDA:130,10,1,0
BRDA:132,11,0,0
BRDA:132,11,1,0
BRDA:135,12,0,0
BRDA:135,12,1,0
BRDA:136,13,0,0
BRDA:136,13,1,0
BRDA:139,14,0,0
BRDA:139,14,1,0
BRDA:142,15,0,0
BRDA:142,15,1,0
BRDA:155,16,0,0
BRDA:155,16,1,0
BRDA:163,17,0,0
BRDA:163,17,1,0
BRDA:165,18,0,0
BRDA:165,18,1,0
BRDA:191,19,0,0
BRDA:191,19,1,0
BRDA:194,20,0,0
BRDA:194,20,1,0
BRDA:199,21,0,0
BRDA:202,22,0,0
BRDA:202,22,1,0
BRDA:203,23,0,0
BRDA:203,23,1,0
BRDA:203,24,0,0
BRDA:203,24,1,0
BRDA:206,25,0,0
BRDA:206,25,1,0
BRDA:206,26,0,0
BRDA:206,26,1,0
BRF:53
BRH:2
end_of_record
TN:
SF:src/engine/triggers.ts
FN:9,sanitizeHeaders
FN:18,webhookRouter
FN:22,(anonymous_2)
FN:42,(anonymous_3)
FN:59,startScheduler
FN:71,(anonymous_5)
FN:73,(anonymous_6)
FN:81,registerSchedule
FN:87,(anonymous_8)
FN:88,(anonymous_9)
FN:93,unregisterSchedule
FN:101,startPolling
FN:103,(anonymous_12)
FN:104,(anonymous_13)
FN:109,stopPolling
FN:117,timingSafeEqual
FNF:16
FNH:0
FNDA:0,sanitizeHeaders
FNDA:0,webhookRouter
FNDA:0,(anonymous_2)
FNDA:0,(anonymous_3)
FNDA:0,startScheduler
FNDA:0,(anonymous_5)
FNDA:0,(anonymous_6)
FNDA:0,registerSchedule
FNDA:0,(anonymous_8)
FNDA:0,(anonymous_9)
FNDA:0,unregisterSchedule
FNDA:0,startPolling
FNDA:0,(anonymous_12)
FNDA:0,(anonymous_13)
FNDA:0,stopPolling
FNDA:0,timingSafeEqual
DA:7,0
DA:10,0
DA:11,0
DA:12,0
DA:14,0
DA:19,0
DA:22,0
DA:23,0
DA:24,0
DA:25,0
DA:26,0
DA:27,0
DA:30,0
DA:31,0
DA:32,0
DA:33,0
DA:37,0
DA:38,0
DA:42,0
DA:44,0
DA:46,0
DA:47,0
DA:51,0
DA:57,0
DA:60,0
DA:61,0
DA:63,0
DA:64,0
DA:65,0
DA:66,0
DA:67,0
DA:68,0
DA:71,0
DA:72,0
DA:73,0
DA:76,0
DA:77,0
DA:82,0
DA:83,0
DA:84,0
DA:86,0
DA:87,0
DA:88,0
DA:90,0
DA:94,0
DA:95,0
DA:99,0
DA:102,0
DA:103,0
DA:104,0
DA:106,0
DA:110,0
DA:111,0
DA:118,0
DA:120,0
DA:121,0
DA:123,0
LF:57
LH:0
BRDA:12,0,0,0
BRDA:12,0,1,0
BRDA:27,1,0,0
BRDA:27,1,1,0
BRDA:30,2,0,0
BRDA:30,2,1,0
BRDA:31,3,0,0
BRDA:31,3,1,0
BRDA:31,4,0,0
BRDA:31,4,1,0
BRDA:64,5,0,0
BRDA:64,5,1,0
BRDA:66,6,0,0
BRDA:66,6,1,0
BRDA:66,7,0,0
BRDA:66,7,1,0
BRDA:74,8,0,0
BRDA:74,8,1,0
BRDA:82,9,0,0
BRDA:82,9,1,0
BRDA:86,10,0,0
BRDA:86,10,1,0
BRDA:95,11,0,0
BRDA:95,11,1,0
BRDA:111,12,0,0
BRDA:111,12,1,0
BRDA:118,13,0,0
BRDA:118,13,1,0
BRF:28
BRH:0
end_of_record
TN:
SF:src/engine/workflow-engine.ts
FN:15,setEmitter
FN:17,emit
FN:19,addLog
FN:27,(anonymous_3)
FN:42,(anonymous_4)
FN:59,buildContext
FN:62,(anonymous_6)
FN:62,(anonymous_7)
FN:63,(anonymous_8)
FN:64,(anonymous_9)
FN:66,(anonymous_10)
FN:70,executeNode
FN:76,(anonymous_12)
FN:84,(anonymous_13)
FN:113,(anonymous_14)
FN:137,(anonymous_15)
FN:140,(anonymous_16)
FN:142,(anonymous_17)
FN:146,(anonymous_18)
FN:146,(anonymous_19)
FN:178,(anonymous_20)
FN:183,enqueueWorkflowRun
FN:184,(anonymous_22)
FN:185,(anonymous_23)
FN:190,executeNodeWithType
FNF:25
FNH:18
FNDA:0,setEmitter
FNDA:34,emit
FNDA:20,addLog
FNDA:5,(anonymous_3)
FNDA:10,(anonymous_4)
FNDA:10,buildContext
FNDA:0,(anonymous_6)
FNDA:0,(anonymous_7)
FNDA:0,(anonymous_8)
FNDA:0,(anonymous_9)
FNDA:0,(anonymous_10)
FNDA:10,executeNode
FNDA:6,(anonymous_12)
FNDA:10,(anonymous_13)
FNDA:0,(anonymous_14)
FNDA:10,(anonymous_15)
FNDA:19,(anonymous_16)
FNDA:15,(anonymous_17)
FNDA:10,(anonymous_18)
FNDA:10,(anonymous_19)
FNDA:2,(anonymous_20)
FNDA:2,enqueueWorkflowRun
FNDA:2,(anonymous_22)
FNDA:2,(anonymous_23)
FNDA:10,executeNodeWithType
DA:14,3
DA:15,0
DA:17,34
DA:20,20
DA:21,20
DA:23,20
DA:28,5
DA:29,5
DA:30,5
DA:31,4
DA:33,5
DA:34,5
DA:35,5
DA:36,5
DA:38,5
DA:40,5
DA:41,5
DA:42,10
DA:45,5
DA:46,5
DA:47,10
DA:48,6
DA:51,4
DA:52,6
DA:55,4
DA:56,4
DA:57,4
DA:60,10
DA:62,0
DA:63,0
DA:64,0
DA:66,0
DA:71,10
DA:72,10
DA:75,10
DA:76,10
DA:77,10
DA:79,10
DA:80,10
DA:82,10
DA:84,10
DA:85,10
DA:86,10
DA:87,10
DA:89,0
DA:93,10
DA:94,10
DA:95,10
DA:97,10
DA:98,10
DA:99,10
DA:100,10
DA:104,10
DA:105,10
DA:106,10
DA:109,0
DA:110,0
DA:111,0
DA:112,0
DA:113,0
DA:114,0
DA:117,0
DA:121,10
DA:122,10
DA:124,10
DA:125,0
DA:126,0
DA:127,0
DA:128,0
DA:131,0
DA:136,4
DA:137,10
DA:139,4
DA:140,8
DA:141,19
DA:142,19
DA:144,8
DA:146,10
DA:147,10
DA:148,10
DA:149,0
DA:150,10
DA:151,10
DA:155,4
DA:156,10
DA:157,4
DA:158,5
DA:160,5
DA:161,5
DA:164,0
DA:165,0
DA:166,0
DA:167,0
DA:169,4
DA:170,4
DA:171,4
DA:177,3
DA:178,3
DA:179,2
DA:180,1
DA:184,2
DA:185,2
DA:191,10
DA:194,4
DA:197,0
DA:198,0
DA:206,0
DA:207,0
DA:211,0
DA:214,0
DA:218,0
DA:219,0
DA:220,0
DA:221,0
DA:222,0
DA:226,0
DA:230,0
DA:233,0
DA:236,0
DA:239,0
DA:242,0
DA:245,0
DA:248,0
DA:252,0
DA:253,0
DA:254,0
DA:255,0
DA:260,3
DA:263,0
DA:266,0
DA:269,0
DA:272,0
DA:275,0
DA:278,0
DA:279,0
DA:283,0
DA:284,0
DA:288,0
DA:291,0
DA:295,0
DA:298,0
DA:301,0
DA:305,0
DA:308,0
DA:311,0
DA:315,0
DA:318,0
DA:321,0
DA:324,0
DA:328,0
DA:331,0
DA:334,0
DA:337,3
DA:340,0
LF:154
LH:83
BRDA:22,0,0,20
BRDA:22,0,1,20
BRDA:30,1,0,1
BRDA:30,1,1,4
BRDA:31,2,0,4
BRDA:31,2,1,0
BRDA:31,3,0,4
BRDA:31,3,1,0
BRDA:31,4,0,5
BRDA:31,4,1,0
BRDA:31,5,0,5
BRDA:31,5,1,0
BRDA:48,6,0,6
BRDA:48,6,1,0
BRDA:48,7,0,6
BRDA:48,7,1,0
BRDA:52,8,0,6
BRDA:52,8,1,6
BRDA:72,9,0,10
BRDA:72,9,1,9
BRDA:75,10,0,10
BRDA:75,10,1,4
BRDA:77,11,0,4
BRDA:77,11,1,6
BRDA:77,12,0,6
BRDA:77,12,1,0
BRDA:80,13,0,10
BRDA:80,13,1,9
BRDA:82,14,0,0
BRDA:82,14,1,10
BRDA:89,15,0,0
BRDA:89,15,1,0
BRDA:97,16,0,10
BRDA:97,16,1,0
BRDA:101,17,0,10
BRDA:101,17,1,9
BRDA:110,18,0,0
BRDA:110,18,1,0
BRDA:118,19,0,0
BRDA:118,19,1,0
BRDA:124,20,0,0
BRDA:124,20,1,10
BRDA:124,21,0,0
BRDA:124,21,1,0
BRDA:125,22,0,0
BRDA:125,22,1,0
BRDA:131,23,0,0
BRDA:131,23,1,0
BRDA:141,24,0,19
BRDA:141,24,1,4
BRDA:144,25,0,0
BRDA:144,25,1,8
BRDA:156,26,0,0
BRDA:156,26,1,10
BRDA:157,27,0,0
BRDA:157,27,1,4
BRDA:161,28,0,0
BRDA:161,28,1,5
BRDA:185,29,0,1
BRDA:185,29,1,1
BRDA:191,30,0,4
BRDA:191,30,1,4
BRDA:191,30,2,0
BRDA:191,30,3,0
BRDA:191,30,4,0
BRDA:191,30,5,0
BRDA:191,30,6,0
BRDA:191,30,7,0
BRDA:191,30,8,0
BRDA:191,30,9,0
BRDA:191,30,10,0
BRDA:191,30,11,0
BRDA:191,30,12,0
BRDA:191,30,13,0
BRDA:191,30,14,3
BRDA:191,30,15,0
BRDA:191,30,16,0
BRDA:191,30,17,0
BRDA:191,30,18,0
BRDA:191,30,19,0
BRDA:191,30,20,0
BRDA:191,30,21,0
BRDA:191,30,22,0
BRDA:191,30,23,0
BRDA:191,30,24,0
BRDA:191,30,25,0
BRDA:191,30,26,0
BRDA:191,30,27,0
BRDA:191,30,28,0
BRDA:191,30,29,0
BRDA:191,30,30,0
BRDA:191,30,31,0
BRDA:191,30,32,0
BRDA:191,30,33,0
BRDA:191,30,34,0
BRDA:191,30,35,0
BRDA:191,30,36,0
BRDA:191,30,37,3
BRDA:191,30,38,0
BRDA:194,31,0,4
BRDA:194,31,1,4
BRDA:197,32,0,0
BRDA:197,32,1,0
BRDA:199,33,0,0
BRDA:199,33,1,0
BRDA:200,34,0,0
BRDA:200,34,1,0
BRDA:201,35,0,0
BRDA:201,35,1,0
BRDA:202,36,0,0
BRDA:202,36,1,0
BRDA:203,37,0,0
BRDA:203,37,1,0
BRDA:219,38,0,0
BRDA:219,38,1,0
BRDA:221,39,0,0
BRDA:221,39,1,0
BRDA:223,40,0,0
BRDA:223,40,1,0
BRDA:223,41,0,0
BRDA:223,41,1,0
BRDA:225,42,0,0
BRDA:225,42,1,0
BRDA:230,43,0,0
BRDA:230,43,1,0
BRDA:245,44,0,0
BRDA:245,44,1,0
BRDA:248,45,0,0
BRDA:248,45,1,0
BRDA:254,46,0,0
BRDA:254,46,1,0
BRDA:254,47,0,0
BRDA:254,47,1,0
BRDA:260,48,0,2
BRDA:260,48,1,1
BRDA:263,49,0,0
BRDA:263,49,1,0
BRDA:272,50,0,0
BRDA:272,50,1,0
BRDA:278,51,0,0
BRDA:278,51,1,0
BRDA:279,52,0,0
BRDA:279,52,1,0
BRDA:283,53,0,0
BRDA:283,53,1,0
BRDA:288,54,0,0
BRDA:288,54,1,0
BRDA:295,55,0,0
BRDA:295,55,1,0
BRDA:298,56,0,0
BRDA:298,56,1,0
BRDA:301,57,0,0
BRDA:301,57,1,0
BRDA:305,58,0,0
BRDA:305,58,1,0
BRDA:321,59,0,0
BRDA:321,59,1,0
BRDA:324,60,0,0
BRDA:324,60,1,0
BRDA:328,61,0,0
BRDA:328,61,1,0
BRDA:331,62,0,0
BRDA:331,62,1,0
BRDA:334,63,0,0
BRDA:334,63,1,0
BRDA:337,64,0,0
BRDA:337,64,1,3
BRF:167
BRH:43
end_of_record
TN:
SF:src/engine/workflow-service.ts
FN:7,(anonymous_0)
FN:14,(anonymous_1)
FN:20,(anonymous_2)
FN:39,(anonymous_3)
FN:45,(anonymous_4)
FN:53,(anonymous_5)
FN:60,(anonymous_6)
FN:71,(anonymous_7)
FN:76,(anonymous_8)
FN:87,(anonymous_9)
FN:95,(anonymous_10)
FNF:11
FNH:7
FNDA:3,(anonymous_0)
FNDA:1,(anonymous_1)
FNDA:5,(anonymous_2)
FNDA:1,(anonymous_3)
FNDA:0,(anonymous_4)
FNDA:0,(anonymous_5)
FNDA:0,(anonymous_6)
FNDA:0,(anonymous_7)
FNDA:3,(anonymous_8)
FNDA:5,(anonymous_9)
FNDA:5,(anonymous_10)
DA:8,3
DA:9,3
DA:10,3
DA:11,3
DA:15,1
DA:16,1
DA:17,1
DA:21,5
DA:22,5
DA:23,5
DA:24,5
DA:25,5
DA:26,0
DA:27,0
DA:28,0
DA:30,0
DA:33,5
DA:34,5
DA:36,5
DA:40,1
DA:41,1
DA:42,1
DA:46,0
DA:48,0
DA:49,0
DA:51,0
DA:53,0
DA:61,0
DA:62,0
DA:63,0
DA:64,0
DA:72,0
DA:73,0
DA:77,3
DA:78,3
DA:88,5
DA:89,1
DA:90,0
DA:92,4
DA:96,5
DA:97,1
DA:98,1
DA:101,4
LF:43
LH:27
BRDA:8,0,0,0
BRDA:8,0,1,3
BRDA:17,1,0,0
BRDA:17,1,1,1
BRDA:25,2,0,0
BRDA:25,2,1,5
BRDA:27,3,0,0
BRDA:27,3,1,0
BRDA:48,4,0,0
BRDA:48,4,1,0
BRDA:48,5,0,0
BRDA:48,5,1,0
BRDA:55,6,0,0
BRDA:55,6,1,0
BRDA:55,7,0,0
BRDA:55,7,1,0
BRDA:63,8,0,0
BRDA:63,8,1,0
BRDA:66,9,0,0
BRDA:66,9,1,0
BRDA:66,10,0,0
BRDA:66,10,1,0
BRDA:77,11,0,3
BRDA:77,11,1,0
BRDA:81,12,0,3
BRDA:81,12,1,0
BRDA:82,13,0,3
BRDA:82,13,1,0
BRDA:89,14,0,1
BRDA:89,14,1,0
BRDA:90,15,0,0
BRDA:90,15,1,0
BRDA:97,16,0,1
BRDA:97,16,1,0
BRDA:97,17,0,1
BRDA:97,17,1,0
BRF:36
BRH:9
end_of_record
TN:
SF:src/mcp/MCPRegistry.ts
FN:7,validateUrl
FN:35,(anonymous_1)
FN:40,(anonymous_2)
FN:45,(anonymous_3)
FN:53,(anonymous_4)
FN:59,(anonymous_5)
FN:85,(anonymous_6)
FN:92,(anonymous_7)
FN:98,(anonymous_8)
FN:105,(anonymous_9)
FNF:10
FNH:0
FNDA:0,validateUrl
FNDA:0,(anonymous_1)
FNDA:0,(anonymous_2)
FNDA:0,(anonymous_3)
FNDA:0,(anonymous_4)
FNDA:0,(anonymous_5)
FNDA:0,(anonymous_6)
FNDA:0,(anonymous_7)
FNDA:0,(anonymous_8)
FNDA:0,(anonymous_9)
DA:5,2
DA:8,0
DA:9,0
DA:10,0
DA:11,0
DA:12,0
DA:13,0
DA:15,0
DA:32,2
DA:36,0
DA:37,0
DA:41,0
DA:42,0
DA:46,0
DA:47,0
DA:48,0
DA:50,0
DA:54,0
DA:55,0
DA:56,0
DA:60,0
DA:61,0
DA:62,0
DA:63,0
DA:64,0
DA:65,0
DA:66,0
DA:67,0
DA:68,0
DA:69,0
DA:71,0
DA:72,0
DA:75,0
DA:76,0
DA:78,0
DA:79,0
DA:80,0
DA:81,0
DA:86,0
DA:87,0
DA:88,0
DA:89,0
DA:93,0
DA:94,0
DA:95,0
DA:97,0
DA:98,0
DA:99,0
DA:102,0
DA:106,0
DA:107,0
DA:108,0
DA:109,0
DA:110,0
DA:111,0
DA:117,2
LF:56
LH:3
BRDA:10,0,0,0
BRDA:10,0,1,0
BRDA:10,1,0,0
BRDA:10,1,1,0
BRDA:11,2,0,0
BRDA:11,2,1,0
BRDA:12,3,0,0
BRDA:12,3,1,0
BRDA:12,4,0,0
BRDA:12,4,1,0
BRDA:12,4,2,0
BRDA:12,4,3,0
BRDA:15,5,0,0
BRDA:15,5,1,0
BRDA:15,6,0,0
BRDA:15,6,1,0
BRDA:61,7,0,0
BRDA:61,7,1,0
BRDA:64,8,0,0
BRDA:64,8,1,0
BRDA:66,9,0,0
BRDA:66,9,1,0
BRDA:70,10,0,0
BRDA:70,10,1,0
BRDA:71,11,0,0
BRDA:71,11,1,0
BRDA:94,12,0,0
BRDA:94,12,1,0
BRDA:95,13,0,0
BRDA:95,13,1,0
BRDA:99,14,0,0
BRDA:99,14,1,0
BRF:32
BRH:0
end_of_record
TN:
SF:src/schemas/extension.schema.ts
FNF:0
FNH:0
DA:3,2
DA:16,2
DA:28,2
LF:3
LH:3
BRF:0
BRH:0
end_of_record
TN:
SF:src/schemas/validate.ts
FN:4,validate
FN:5,(anonymous_1)
FNF:2
FNH:2
FNDA:10,validate
FNDA:7,(anonymous_1)
DA:5,10
DA:6,7
DA:7,7
DA:8,0
DA:9,0
DA:11,7
DA:12,7
LF:7
LH:5
BRDA:7,0,0,0
BRDA:7,0,1,7
BRF:2
BRH:1
end_of_record
TN:
SF:src/schemas/workflow.schema.ts
FNF:0
FNH:0
DA:4,2
DA:6,2
DA:56,2
DA:63,2
DA:69,2
LF:5
LH:5
BRF:0
BRH:0
end_of_record
TN:
SF:src/skills/registry.ts
FN:8,register
FN:17,(anonymous_1)
FN:29,(anonymous_2)
FN:43,(anonymous_3)
FN:56,(anonymous_4)
FN:68,(anonymous_5)
FN:81,(anonymous_6)
FN:87,listSkills
FN:88,getSkill
FNF:9
FNH:5
FNDA:36,register
FNDA:1,(anonymous_1)
FNDA:1,(anonymous_2)
FNDA:0,(anonymous_3)
FNDA:0,(anonymous_4)
FNDA:0,(anonymous_5)
FNDA:1,(anonymous_6)
FNDA:0,listSkills
FNDA:3,getSkill
DA:6,6
DA:8,36
DA:11,6
DA:18,1
DA:23,6
DA:30,1
DA:31,1
DA:32,1
DA:37,6
DA:44,0
DA:45,0
DA:50,6
DA:57,0
DA:62,6
DA:69,0
DA:70,0
DA:75,6
DA:82,1
DA:83,1
DA:87,0
DA:88,3
LF:21
LH:15
BRDA:31,0,0,1
BRDA:31,0,1,0
BRDA:45,1,0,0
BRDA:45,1,1,0
BRDA:70,2,0,0
BRDA:70,2,1,0
BRDA:83,3,0,0
BRDA:83,3,1,1
BRF:8
BRH:2
end_of_record
